C51 COMPILER V9.54   AT24C02                                                               04/24/2019 15:59:02 PAGE 1   


C51 COMPILER V9.54, COMPILATION OF MODULE AT24C02
OBJECT MODULE PLACED IN .\Objects\at24c02.obj
COMPILER INVOKED BY: D:\Keil_v5\C51\BIN\C51.EXE ..\at24c02\at24c02.c OMF2 OPTIMIZE(8,SPEED) BROWSE INCDIR(..\delay;..\ds
                    -18b20;..\lcd12864;..\ds1302) DEBUG PRINT(.\Listings\at24c02.lst) TABS(2) OBJECT(.\Objects\at24c02.obj)

line level    source



MODULE INFORMATION:   STATIC OVERLAYABLE
   CODE SIZE        =   ----    ----
   CONSTANT SIZE    =   ----    ----
   XDATA SIZE       =   ----    ----
   PDATA SIZE       =   ----    ----
   DATA SIZE        =   ----    ----
   IDATA SIZE       =   ----    ----
   BIT SIZE         =   ----    ----
   EDATA SIZE       =   ----    ----
   HDATA SIZE       =   ----    ----
   XDATA CONST SIZE =   ----    ----
   FAR CONST SIZE   =   ----    ----
END OF MODULE INFORMATION.


C51 COMPILATION COMPLETE.  0 WARNING(S),  0 ERROR(S)
