C51 COMPILER V9.54   MAIN                                                                  05/10/2019 14:59:31 PAGE 1   


C51 COMPILER V9.54, COMPILATION OF MODULE MAIN
OBJECT MODULE PLACED IN .\Objects\main.obj
COMPILER INVOKED BY: D:\Keil_v5\C51\BIN\C51.EXE main.c OMF2 OPTIMIZE(8,SPEED) BROWSE INCDIR(..\delay;..\ds18b20;..\lcd12
                    -864;..\ds1302) DEBUG PRINT(.\Listings\main.lst) OBJECT(.\Objects\main.obj)

line level    source

   1          #include <reg52.h>
   2          #include "delay.h"
   3          #include "typedef.h"
   4          #include "ds18b20.h"    
   5          #include "lcd12864.h"
   6          #include "ds1302.h"
   7          #include <string.h>
   8          
   9          //********************************************************************************************************
             -**************************
  10          //IO设置
  11          //********************************************************************************************************
             -**************************
  12          sbit key_1 = P3^0;
  13          sbit key_2 = P3^1;
  14          sbit key_3 = P3^2;
  15          sbit key_4 = P3^3;
  16          
  17          
  18          //********************************************************************************************************
             -**************************
  19          uchar year,month,day,week,hour,minute,second;//定义时间映射全局变量
  20          
  21          
  22          //********************************************************************************************************
             -**************************
  23          //申请空间
  24          //********************************************************************************************************
             -**************************
  25          uchar time[]="--:--:--";//显示时分秒字符串
  26          uchar date[]="-------(-)";//显示年月日(周)字符串
  27          
  28          //********************************************************************************************************
             -**************************
  29          //主函数
  30          //********************************************************************************************************
             -**************************
  31          void main()
  32          {       
  33   1              uchar i;
  34   1      
  35   1          LCD12864_Init();    //lcd初始化    
  36   1              Show_data();
  37   1              Ds1302_Init();//DS1302初始化
  38   1              while(1)
  39   1              {               
  40   2                              Ds1302_Read_Time();
  41   2                      
  42   2                              Write_Cmd(0x98);
  43   2                          LCD12864_Write_word("[set]      [dis]");
  44   2                      
  45   2                              Write_Cmd(0x80);//第一行第一列开始显示
  46   2                      for(i=0;i<strlen(time);i++)
  47   2                              {
C51 COMPILER V9.54   MAIN                                                                  05/10/2019 14:59:31 PAGE 2   

  48   3                                      Write_Data(time[i]);
  49   3                              }
  50   2                                      Write_Cmd(0x90); //第二行第一列开始显示
  51   2                      for(i=0;i<strlen(date);i++)
  52   2                              {
  53   3                                      Write_Data(date[i]);
  54   3                              }
  55   2                                      Temp_get();  //获取温度 
  56   2                                      Show_temp();  //显示温度    
  57   2              }
  58   1      }
  59          
  60          


MODULE INFORMATION:   STATIC OVERLAYABLE
   CODE SIZE        =    112    ----
   CONSTANT SIZE    =     17    ----
   XDATA SIZE       =   ----    ----
   PDATA SIZE       =   ----    ----
   DATA SIZE        =     27       1
   IDATA SIZE       =   ----    ----
   BIT SIZE         =   ----    ----
   EDATA SIZE       =   ----    ----
   HDATA SIZE       =   ----    ----
   XDATA CONST SIZE =   ----    ----
   FAR CONST SIZE   =   ----    ----
END OF MODULE INFORMATION.


C51 COMPILATION COMPLETE.  0 WARNING(S),  0 ERROR(S)
